---
layout: page
title: Microsoft Word 1.15 (with Debugger)
permalink: /disks/pcx86/apps/microsoft/word/1.15/debugger/
machines:
  - id: ibm5160
    type: pcx86
    debugger: true
    config: /devices/pcx86/machine/5160/ega/640kb/debugger/machine.xml
    autoMount:
      A:
        name: PC DOS 2.00 (Disk 1)
      B:
        name: MS Word 1.15 (Program)
    autoStart: true
    autoType: $date\r$time\rB:\rWORD\r
---

Microsoft Word 1.15 (with Debugger)
-----------------------------------

{% include machine.html id="ibm5160" %}

### Copy-Protection Information

    MFM Sector
    Sector ID:001
    Track ID:039 - Side ID:001
    Size:00256 (ID:0x01)
    DataMark:0xFB
    Head CRC:0xAB5F (Ok)
    Data CRC:0xE3B6 (Ok)
    Start Sector cell:2569
    Start Sector Data cell:3273
    End Sector cell:7465
    Number of cells:4896

    0000| 43 6F 70 79 72 69 67 68 | Copyrigh
    0008| 74 20 31 39 38 33 20 4D | t 1983 M
    0010| 69 63 72 6F 73 6F 66 74 | icrosoft
    0018| 20 43 6F 72 70 6F 72 61 |  Corpora
    0020| 74 69 6F 6E 2E 20 20 54 | tion.  T
    0028| 65 6E 73 20 6F 66 20 74 | ens of t
    0030| 68 6F 75 73 61 6E 64 73 | housands
    0038| 20 6F 66 20 6D 61 6E 2D |  of man-
    0040| 68 6F 75 72 73 20 68 61 | hours ha
    0048| 76 65 20 62 65 65 6E 20 | ve been 
    0050| 73 70 65 6E 74 20 74 6F | spent to
    0058| 20 6D 61 6B 65 20 74 68 |  make th
    0060| 69 73 20 70 72 6F 64 75 | is produ
    0068| 63 74 20 70 6F 73 73 69 | ct possi
    0070| 62 6C 65 2C 20 73 6F 20 | ble, so 
    0078| 74 68 61 74 20 79 6F 75 | that you
    0080| 2C 20 74 68 65 20 75 73 | , the us
    0088| 65 72 2C 20 63 61 6E 20 | er, can 
    0090| 75 73 65 20 68 69 67 68 | use high
    0098| 20 71 75 61 6C 69 74 79 |  quality
    00A0| 20 70 72 6F 67 72 61 6D |  program
    00A8| 73 2E 20 20 49 66 20 79 | s.  If y
    00B0| 6F 75 20 73 74 65 61 6C | ou steal
    00B8| 20 74 68 69 73 20 73 6F |  this so
    00C0| 66 74 77 61 72 65 2C 20 | ftware, 
    00C8| 74 68 65 6E 20 77 65 20 | then we 
    00D0| 77 69 6C 6C 20 6E 6F 74 | will not
    00D8| 20 72 65 63 65 69 76 65 |  receive
    00E0| 20 74 68 65 20 66 72 75 |  the fru
    00E8| 69 74 73 20 6F 66 20 6F | its of o
    00F0| 75 72 20 6C 61 62 6F 72 | ur labor
    00F8| 2E 20 20 20 20 20 20 20 | .       

    ---

    MFM Sector
    Sector ID:002
    Track ID:039 - Side ID:001
    Size:00256 (ID:0x01)
    DataMark:0xFB
    Head CRC:0xFE0C (Ok)
    Data CRC:0x45DB (Ok)
    Start Sector cell:7817
    Start Sector Data cell:8521
    End Sector cell:12713
    Number of cells:4896

    0000| 53 74 65 61 6C 69 6E 67 | Stealing
    0008| 20 73 6F 66 74 77 61 72 |  softwar
    0010| 65 20 69 73 20 6E 6F 74 | e is not
    0018| 20 6A 75 73 74 20 61 20 |  just a 
    0020| 63 72 69 6D 65 2C 20 69 | crime, i
    0028| 74 20 69 73 20 61 6C 73 | t is als
    0030| 6F 20 6D 6F 72 61 6C 6C | o morall
    0038| 79 20 77 72 6F 6E 67 2E | y wrong.
    0040| 57 65 20 68 61 76 65 20 | We have 
    0048| 77 6F 72 6B 65 64 20 68 | worked h
    0050| 61 72 64 20 74 6F 20 70 | ard to p
    0058| 72 6F 64 75 63 65 20 74 | roduce t
    0060| 68 69 73 20 70 72 6F 67 | his prog
    0068| 72 61 6D 2C 20 62 75 74 | ram, but
    0070| 20 77 65 20 63 61 6E 6E |  we cann
    0078| 6F 74 20 6B 65 65 70 20 | ot keep 
    0080| 77 6F 72 6B 69 6E 67 20 | working 
    0088| 69 66 20 77 65 20 61 72 | if we ar
    0090| 65 20 6E 6F 74 20 70 61 | e not pa
    0098| 69 64 2E 20 20 49 66 20 | id.  If 
    00A0| 63 72 69 6D 69 6E 61 6C | criminal
    00A8| 73 20 66 6F 72 63 65 20 | s force 
    00B0| 75 73 20 6F 75 74 20 6F | us out o
    00B8| 66 20 62 75 73 69 6E 65 | f busine
    00C0| 73 73 2C 20 74 68 65 6E | ss, then
    00C8| 20 77 65 20 77 69 6C 6C |  we will
    00D0| 20 6E 6F 20 6C 6F 6E 67 |  no long
    00D8| 65 72 20 62 65 20 61 62 | er be ab
    00E0| 6C 65 20 74 6F 20 70 72 | le to pr
    00E8| 6F 64 75 63 65 20 70 72 | oduce pr
    00F0| 6F 67 72 61 6D 73 20 74 | ograms t
    00F8| 68 61 74 20 70 65 6F 70 | hat peop

    ---

    MFM Sector
    Sector ID:003
    Track ID:039 - Side ID:001
    Size:00256 (ID:0x01)
    DataMark:0xFB
    Head CRC:0xCD3D (Ok)
    Data CRC:0x76B4 (Ok)
    Start Sector cell:13065
    Start Sector Data cell:13769
    End Sector cell:17961
    Number of cells:4896

    0000| 6C 65 20 63 61 6E 20 75 | le can u
    0008| 73 65 2E 20 20 49 66 20 | se.  If 
    0010| 63 72 69 6D 69 6E 61 6C | criminal
    0018| 73 20 73 74 6F 70 20 73 | s stop s
    0020| 74 65 61 6C 69 6E 67 20 | tealing 
    0028| 6F 75 72 20 73 6F 66 74 | our soft
    0030| 77 61 72 65 2C 20 74 68 | ware, th
    0038| 65 6E 20 77 65 20 77 69 | en we wi
    0040| 62 65 20 61 62 6C 65 20 | be able 
    0048| 74 6F 20 77 72 69 74 65 | to write
    0050| 20 6D 6F 72 65 20 70 72 |  more pr
    0058| 6F 67 72 61 6D 73 2C 20 | ograms, 
    0060| 6D 61 6B 65 20 74 68 65 | make the
    0068| 6D 20 6D 6F 72 65 20 61 | m more a
    0070| 64 76 61 6E 63 65 64 2C | dvanced,
    0078| 20 61 6E 64 20 73 65 6C |  and sel
    0080| 6C 20 74 68 65 6D 20 61 | l them a
    0088| 74 20 61 20 6C 6F 77 65 | t a lowe
    0090| 72 20 70 72 69 63 65 2E | r price.
    0098| 20 20 54 68 69 6E 6B 20 |   Think 
    00A0| 61 62 6F 75 74 20 69 74 | about it
    00A8| 2E 20 20 20 20 20 20 20 | .       
    00B0| 20 20 20 20 20 20 20 20 |         
    00B8| 20 20 20 20 20 20 20 20 |         
    00C0| 20 20 20 20 20 20 20 20 |         
    00C8| 20 20 20 20 20 20 20 20 |         
    00D0| 20 20 20 20 20 20 20 20 |         
    00D8| 20 20 20 20 20 20 20 20 |         
    00E0| 20 20 20 20 20 20 20 20 |         
    00E8| 20 20 20 20 20 20 20 20 |         
    00F0| 20 20 20 20 20 20 20 20 |         
    00F8| 20 20 20 20 20 20 20 20 |         

    ---

    MFM Sector
    Sector ID:004
    Track ID:039 - Side ID:001
    Size:00256 (ID:0x01)
    DataMark:0xFB
    Head CRC:0x54AA (Ok)
    Data CRC:0x4C75 (Ok)
    Start Sector cell:18313
    Start Sector Data cell:19017
    End Sector cell:23209
    Number of cells:4896

    0000| 57 65 20 77 69 6C 6C 20 | We will 
    0008| 70 72 6F 73 65 63 75 74 | prosecut
    0010| 65 20 61 6E 79 6F 6E 65 | e anyone
    0018| 20 77 65 20 66 69 6E 64 |  we find
    0020| 20 73 74 65 61 6C 69 6E |  stealin
    0028| 67 20 6F 75 72 20 73 6F | g our so
    0030| 66 74 77 61 72 65 2E 20 | ftware. 
    0038| 20 49 66 20 79 6F 75 20 |  If you 
    0040| 61 72 65 20 63 61 75 67 | are caug
    0048| 68 74 2C 20 69 74 20 69 | ht, it i
    0050| 73 20 75 6E 6C 69 6B 65 | s unlike
    0058| 6C 79 20 74 68 61 74 20 | ly that 
    0060| 79 6F 75 20 77 69 6C 6C | you will
    0068| 20 65 76 65 72 20 62 65 |  ever be
    0070| 20 61 62 6C 65 20 74 6F |  able to
    0078| 20 67 65 74 20 61 20 6A |  get a j
    0080| 6F 62 20 77 69 74 68 20 | ob with 
    0088| 61 6E 79 20 63 6F 6D 70 | any comp
    0090| 61 6E 79 20 69 6E 20 74 | any in t
    0098| 68 69 73 20 66 69 65 6C | his fiel
    00A0| 64 2E 20 20 44 6F 6E 27 | d.  Don'
    00A8| 74 20 72 69 73 6B 20 69 | t risk i
    00B0| 74 2E 20 20 49 66 20 79 | t.  If y
    00B8| 6F 75 20 61 72 65 20 6E | ou are n
    00C0| 6F 74 20 68 6F 6E 65 73 | ot hones
    00C8| 74 2C 20 77 65 20 77 69 | t, we wi
    00D0| 6C 6C 20 6E 6F 74 20 68 | ll not h
    00D8| 61 76 65 20 6D 65 72 63 | ave merc
    00E0| 79 20 6F 6E 20 79 6F 75 | y on you
    00E8| 2E 20 20 20 20 20 20 20 | .       
    00F0| 20 20 20 20 20 20 20 20 |         
    00F8| 20 20 20 20 20 20 20 20 |         

    ---

    MFM Sector
    Sector ID:005
    Track ID:039 - Side ID:001
    Size:01024 (ID:0x03)
    DataMark:0xFB
    Head CRC:0x47D9 (Ok)
    Data CRC:0x0000 (BAD CRC!)
    Start Sector cell:23561
    Start Sector Data cell:24265
    End Sector cell:40745
    Number of cells:17184

    0000| F6 F6 F6 F6 F6 F6 F6 F6 | ........
    0008| F6 F6 F6 F6 F6 F6 F6 F6 | ........
    0010| F6 F6 F6 F6 F6 F6 F6 F6 | ........
    0018| F6 F6 F6 F6 F6 F6 F6 F6 | ........
    0020| F6 F6 F6 F6 F6 F6 F6 F6 | ........
    0028| F6 F6 F6 F6 F6 F6 F6 F6 | ........
    0030| F6 F6 F6 F6 F6 F6 F6 F6 | ........
    0038| F6 F6 F6 F6 F6 F6 F6 F6 | ........
    0040| F6 F6 F6 F6 F6 F6 F6 F6 | ........
    0048| F6 F6 F6 F6 F6 F6 F6 F6 | ........
    0050| F6 F6 F6 F6 F6 F6 F6 F6 | ........
    0058| F6 F6 F6 F6 F6 F6 F6 F6 | ........
    0060| F6 F6 F6 F6 F6 F6 F6 F6 | ........
    0068| F6 F6 F6 F6 F6 F6 F6 F6 | ........
    0070| F6 F6 F6 F6 F6 F6 F6 F6 | ........
    0078| F6 F6 F6 F6 F6 F6 F6 F6 | ........
    0080| F6 F6 F6 F6 F6 F6 F6 F6 | ........
    0088| F6 F6 F6 F6 F6 F6 F6 F6 | ........
    0090| F6 F6 F6 F6 F6 F6 F6 F6 | ........
    0098| F6 F6 F6 F6 F6 F6 F6 F6 | ........
    00A0| F6 F6 F6 F6 F6 F6 F6 F6 | ........
    00A8| F6 F6 F6 F6 F6 F6 F6 F6 | ........
    00B0| F6 F6 F6 F6 F6 F6 F6 F6 | ........
    00B8| F6 F6 F6 F6 F6 F6 F6 F6 | ........
    00C0| F6 F6 F6 F6 F6 F6 F6 F6 | ........
    00C8| F6 F6 F6 F6 F6 F6 F6 F6 | ........
    00D0| F6 F6 F6 F6 F6 F6 F6 F6 | ........
    00D8| F6 F6 F6 F6 F6 F6 F6 F6 | ........
    00E0| F6 F6 F6 F6 F6 F6 F6 F6 | ........
    00E8| F6 F6 F6 F6 F6 F6 F6 F6 | ........
    00F0| F6 F6 F6 F6 F6 F6 F6 F6 | ........
    00F8| F6 F6 F6 F6 F6 F6 F6 F6 | ........
    0100| CA B7 4E 4E 4E 4E 4E 4E | ..NNNNNN
    0108| 4E 4E 4E 4E 00 00 00 00 | NNNN....
    0110| 00 00 00 00 00 00 00 00 | ........
    0118| A1 A1 A1 FE 27 01 06 01 | ....'...
    0120| 32 C8 4E 4E 4E 4E 4E 4E | 2.NNNNNN
    0128| 4E 4E 4E 4E 4E 4E 4E 4E | NNNNNNNN
    0130| 4E 4E 4E 4E 4E 4E 4E 4E | NNNNNNNN
    0138| 07 FF FF FF FF FF FF FF | ........
    0140| FF FF FF FF F0 A0 A0 A0 | ........
    0148| 01 C0 00 78 20 48 20 80 | ...x H .
    0150| 38 1C FC FC 64 24 3C 44 | 8...d$<D
    0158| F8 C8 24 F9 00 20 C0 48 | ..$.. .H
    0160| 00 40 00 88 1F 07 08 00 | .@......
    0168| 00 48 9C F9 88 48 80 80 | .H...H..
    0170| 98 00 04 F9 88 20 80 38 | ..... .8
    0178| 18 80 48 44 0F 07 08 48 | ..HD...H
    0180| 20 C0 38 E0 48 9C F9 C8 |  .8.H...
    0188| 48 00 98 20 87 07 09 08 | H.. ....
    0190| E0 C8 84 F9 C8 18 00 00 | ........
    0198| 80 08 18 38 E0 1F 07 09 | ...8....
    01A0| 08 80 88 8C F9 38 E0 48 | .....8.H
    01A8| C8 80 48 47 07 09 98 00 | ..HG....
    01B0| 00 84 F9 00 18 00 08 98 | ........
    01B8| 80 4F 07 09 C8 48 00 C0 | .O...H..
    01C0| 84 F9 18 80 E0 07 07 09 | ........
    01C8| 88 48 E0 08 04 F9 18 20 | .H..... 
    01D0| E0 08 87 07 09 C0 E0 48 | .......H
    01D8| 1C F9 00 C1 C0 00 08 08 | ........
    01E0| 80 18 1F 07 09 98 E0 08 | ........
    01E8| 20 9C F8 78 E0 18 00 80 |  ..x....
    01F0| 4F 07 09 C0 38 48 20 44 | O...8H D
    01F8| F8 78 80 18 80 48 47 07 | .x...HG.
    0200| 09 08 80 88 8C F8 48 E0 | ......H.
    0208| 20 00 80 47 07 08 18 00 |  ..G....
    0210| 04 F8 48 80 80 08 87 07 | ..H.....
    0218| 09 00 80 0C F8 40 38 E0 | .....@8.
    0220| 78 20 48 07 07 09 C0 38 | x H....8
    0228| E0 48 18 80 44 F8 40 20 | .H..D.@ 
    0230| 00 00 08 20 27 07 09 80 | ... '...
    0238| 48 80 84 F9 C0 00 3F 07 | H.....?.
    0240| 08 78 E0 1C F8 18 3F FF | .x....?.
    0248| C0 0E 01 0E 12 12 12 12 | ........
    0250| 12 12 12 12 1F FF FF FF | ........
    0258| FF FF FF FF FF FF FF FF | ........
    0260| E1 41 41 40 19 0F CF 0F | .AA@....
    0268| CF C0 42 12 12 12 12 12 | ..B.....
    0270| 12 12 12 12 12 12 12 12 | ........
    0278| 12 12 12 12 12 12 12 12 | ........
    0280| 1F FF FF FF FF FF FF FF | ........
    0288| FF FF FF FF E1 41 41 40 | .....AA@
    0290| 00 00 00 00 00 00 00 00 | ........
    0298| 00 00 00 00 00 00 00 00 | ........
    02A0| 00 00 00 00 00 00 00 00 | ........
    02A8| 00 00 00 00 00 00 00 00 | ........
    02B0| 00 00 00 00 00 00 00 00 | ........
    02B8| 00 00 00 00 00 00 00 00 | ........
    02C0| 00 00 00 00 00 00 00 00 | ........
    02C8| 00 00 00 00 00 00 00 00 | ........
    02D0| 00 00 00 00 00 00 00 00 | ........
    02D8| 00 00 00 00 00 00 00 00 | ........
    02E0| 00 00 00 00 00 00 00 00 | ........
    02E8| 00 00 00 00 00 00 00 00 | ........
    02F0| 00 00 00 00 00 00 00 00 | ........
    02F8| 00 00 00 00 00 00 00 00 | ........
    0300| 00 00 00 00 00 00 00 00 | ........
    0308| 00 00 00 00 00 00 00 00 | ........
    0310| 00 00 00 00 00 00 00 00 | ........
    0318| 00 00 00 00 00 00 00 00 | ........
    0320| 00 00 00 00 00 00 00 00 | ........
    0328| 00 00 00 00 00 00 00 00 | ........
    0330| 00 00 00 00 00 00 00 00 | ........
    0338| 00 00 00 00 00 00 00 00 | ........
    0340| 00 00 00 00 00 00 00 00 | ........
    0348| 00 00 00 00 00 00 00 00 | ........
    0350| 00 00 00 00 00 00 00 00 | ........
    0358| 00 00 00 00 00 00 00 00 | ........
    0360| 00 00 00 00 00 00 00 00 | ........
    0368| 00 00 00 00 00 00 00 00 | ........
    0370| 00 00 00 00 00 00 00 00 | ........
    0378| 00 00 00 00 00 00 00 00 | ........
    0380| 00 00 00 00 00 00 00 00 | ........
    0388| 00 00 00 00 00 00 00 00 | ........
    0390| 02 00 02 12 12 12 12 12 | ........
    0398| 12 12 12 12 1F FF FF FF | ........
    03A0| FF FF FF FF FF FF FF FF | ........
    03A8| E1 41 41 40 19 0F CE 7F | .AA@....
    03B0| CC C3 02 12 12 12 12 12 | ........
    03B8| 12 12 12 12 12 12 12 12 | ........
    03C0| 12 12 12 12 12 12 12 12 | ........
    03C8| 1F FF FF FF FF FF FF FF | ........
    03D0| FF FF FF FF E1 41 41 40 | .....AA@
    03D8| 00 00 00 00 00 00 00 00 | ........
    03E0| 00 00 00 00 00 00 00 00 | ........
    03E8| 00 00 00 00 00 00 00 00 | ........
    03F0| 00 00 00 00 00 00 00 00 | ........
    03F8| 00 00 00 00 00 00 00 00 | ........

    ---

    MFM Sector
    Sector ID:006
    Track ID:039 - Side ID:001
    Size:00256 (ID:0x01)
    DataMark:0xFB
    Head CRC:0x32C8 (Ok)
    Data CRC:0xB61B (Ok)
    Start Sector cell:28809
    Start Sector Data cell:29522
    End Sector cell:33714
    Number of cells:4905

    0000| 43 6F 70 79 72 69 67 68 | Copyrigh
    0008| 74 20 20 31 39 38 33 20 | t  1983 
    0010| 62 79 20 4D 69 63 72 6F | by Micro
    0018| 73 6F 66 74 0D 0A 57 6F | soft..Wo
    0020| 72 64 20 46 72 65 65 64 | rd Freed
    0028| 6F 6D 20 46 69 67 68 74 | om Fight
    0030| 65 72 73 3A 0D 0A 52 69 | ers:..Ri
    0038| 63 68 61 72 64 20 42 72 | chard Br
    0040| 6F 64 69 65 0D 0A 4A 61 | odie..Ja
    0048| 62 65 20 42 6C 75 6D 65 | be Blume
    0050| 6E 74 68 61 6C 0D 0A 4A | nthal..J
    0058| 65 66 66 20 48 61 72 62 | eff Harb
    0060| 65 72 73 0D 0A 44 6F 75 | ers..Dou
    0068| 67 20 4B 6C 75 6E 64 65 | g Klunde
    0070| 72 0D 0A 42 72 75 63 65 | r..Bruce
    0078| 20 4C 65 61 6B 0D 0A 46 |  Leak..F
    0080| 72 61 6E 6B 20 4C 69 61 | rank Lia
    0088| 6E 67 0D 0A 43 61 72 6C | ng..Carl
    0090| 20 4D 63 43 6F 6E 6E 65 |  McConne
    0098| 6C 6C 0D 0A 44 61 76 69 | ll..Davi
    00A0| 64 20 50 61 6C 6D 65 72 | d Palmer
    00A8| 0D 0A 43 68 72 69 73 20 | ..Chris 
    00B0| 50 65 74 65 72 73 0D 0A | Peters..
    00B8| 4A 65 66 66 20 52 61 69 | Jeff Rai
    00C0| 6B 65 73 0D 0A 54 6F 6D | kes..Tom
    00C8| 20 52 65 65 76 65 0D 0A |  Reeve..
    00D0| 4B 65 6E 20 53 68 61 70 | Ken Shap
    00D8| 69 72 6F 0D 0A 43 68 61 | iro..Cha
    00E0| 72 6C 65 73 20 53 69 6D | rles Sim
    00E8| 6F 6E 79 69 0D 0A 47 72 | onyi..Gr
    00F0| 65 67 20 43 6F 78 0D 0A | eg Cox..
    00F8| 50 61 74 20 54 68 00 03 | Pat Th..

    ---

    MFM Sector
    Sector ID:007
    Track ID:039 - Side ID:001
    Size:00256 (ID:0x01)
    DataMark:0xFB
    Head CRC:0x01F9 (Ok)
    Data CRC:0xCAB7 (Ok)
    Start Sector cell:34064
    Start Sector Data cell:34768
    End Sector cell:38960
    Number of cells:4896

    0000| F6 F6 F6 F6 F6 F6 F6 F6 | ........
    0008| F6 F6 F6 F6 F6 F6 F6 F6 | ........
    0010| F6 F6 F6 F6 F6 F6 F6 F6 | ........
    0018| F6 F6 F6 F6 F6 F6 F6 F6 | ........
    0020| F6 F6 F6 F6 F6 F6 F6 F6 | ........
    0028| F6 F6 F6 F6 F6 F6 F6 F6 | ........
    0030| F6 F6 F6 F6 F6 F6 F6 F6 | ........
    0038| F6 F6 F6 F6 F6 F6 F6 F6 | ........
    0040| F6 F6 F6 F6 F6 F6 F6 F6 | ........
    0048| F6 F6 F6 F6 F6 F6 F6 F6 | ........
    0050| F6 F6 F6 F6 F6 F6 F6 F6 | ........
    0058| F6 F6 F6 F6 F6 F6 F6 F6 | ........
    0060| F6 F6 F6 F6 F6 F6 F6 F6 | ........
    0068| F6 F6 F6 F6 F6 F6 F6 F6 | ........
    0070| F6 F6 F6 F6 F6 F6 F6 F6 | ........
    0078| F6 F6 F6 F6 F6 F6 F6 F6 | ........
    0080| F6 F6 F6 F6 F6 F6 F6 F6 | ........
    0088| F6 F6 F6 F6 F6 F6 F6 F6 | ........
    0090| F6 F6 F6 F6 F6 F6 F6 F6 | ........
    0098| F6 F6 F6 F6 F6 F6 F6 F6 | ........
    00A0| F6 F6 F6 F6 F6 F6 F6 F6 | ........
    00A8| F6 F6 F6 F6 F6 F6 F6 F6 | ........
    00B0| F6 F6 F6 F6 F6 F6 F6 F6 | ........
    00B8| F6 F6 F6 F6 F6 F6 F6 F6 | ........
    00C0| F6 F6 F6 F6 F6 F6 F6 F6 | ........
    00C8| F6 F6 F6 F6 F6 F6 F6 F6 | ........
    00D0| F6 F6 F6 F6 F6 F6 F6 F6 | ........
    00D8| F6 F6 F6 F6 F6 F6 F6 F6 | ........
    00E0| F6 F6 F6 F6 F6 F6 F6 F6 | ........
    00E8| F6 F6 F6 F6 F6 F6 F6 F6 | ........
    00F0| F6 F6 F6 F6 F6 F6 F6 F6 | ........
    00F8| F6 F6 F6 F6 F6 F6 F6 F6 | ........

    ---

    MFM Sector
    Sector ID:008
    Track ID:039 - Side ID:001
    Size:00256 (ID:0x01)
    DataMark:0xFB
    Head CRC:0x11C7 (Ok)
    Data CRC:0xCAB7 (Ok)
    Start Sector cell:39312
    Start Sector Data cell:40016
    End Sector cell:44208
    Number of cells:4896

    0000| F6 F6 F6 F6 F6 F6 F6 F6 | ........
    0008| F6 F6 F6 F6 F6 F6 F6 F6 | ........
    0010| F6 F6 F6 F6 F6 F6 F6 F6 | ........
    0018| F6 F6 F6 F6 F6 F6 F6 F6 | ........
    0020| F6 F6 F6 F6 F6 F6 F6 F6 | ........
    0028| F6 F6 F6 F6 F6 F6 F6 F6 | ........
    0030| F6 F6 F6 F6 F6 F6 F6 F6 | ........
    0038| F6 F6 F6 F6 F6 F6 F6 F6 | ........
    0040| F6 F6 F6 F6 F6 F6 F6 F6 | ........
    0048| F6 F6 F6 F6 F6 F6 F6 F6 | ........
    0050| F6 F6 F6 F6 F6 F6 F6 F6 | ........
    0058| F6 F6 F6 F6 F6 F6 F6 F6 | ........
    0060| F6 F6 F6 F6 F6 F6 F6 F6 | ........
    0068| F6 F6 F6 F6 F6 F6 F6 F6 | ........
    0070| F6 F6 F6 F6 F6 F6 F6 F6 | ........
    0078| F6 F6 F6 F6 F6 F6 F6 F6 | ........
    0080| F6 F6 F6 F6 F6 F6 F6 F6 | ........
    0088| F6 F6 F6 F6 F6 F6 F6 F6 | ........
    0090| F6 F6 F6 F6 F6 F6 F6 F6 | ........
    0098| F6 F6 F6 F6 F6 F6 F6 F6 | ........
    00A0| F6 F6 F6 F6 F6 F6 F6 F6 | ........
    00A8| F6 F6 F6 F6 F6 F6 F6 F6 | ........
    00B0| F6 F6 F6 F6 F6 F6 F6 F6 | ........
    00B8| F6 F6 F6 F6 F6 F6 F6 F6 | ........
    00C0| F6 F6 F6 F6 F6 F6 F6 F6 | ........
    00C8| F6 F6 F6 F6 F6 F6 F6 F6 | ........
    00D0| F6 F6 F6 F6 F6 F6 F6 F6 | ........
    00D8| F6 F6 F6 F6 F6 F6 F6 F6 | ........
    00E0| F6 F6 F6 F6 F6 F6 F6 F6 | ........
    00E8| F6 F6 F6 F6 F6 F6 F6 F6 | ........
    00F0| F6 F6 F6 F6 F6 F6 F6 F6 | ........
    00F8| F6 F6 F6 F6 F6 F6 F6 F6 | ........

    ---

    MFM Sector
    Sector ID:009
    Track ID:039 - Side ID:001
    Size:00256 (ID:0x01)
    DataMark:0xFB
    Head CRC:0x22F6 (Ok)
    Data CRC:0x9569 (Ok)
    Start Sector cell:44560
    Start Sector Data cell:45264
    End Sector cell:49456
    Number of cells:4896

    0000| 54 68 69 73 20 70 72 6F | This pro
    0008| 67 72 61 6D 20 77 61 73 | gram was
    0010| 20 62 72 6F 75 67 68 74 |  brought
    0018| 20 74 6F 20 79 6F 75 20 |  to you 
    0020| 62 79 20 74 68 65 20 68 | by the h
    0028| 61 72 64 20 77 6F 72 6B | ard work
    0030| 20 6F 66 20 74 68 65 20 |  of the 
    0038| 70 65 6F 70 6C 65 20 61 | people a
    0040| 74 20 4D 69 63 72 6F 73 | t Micros
    0048| 6F 66 74 2C 20 69 6E 63 | oft, inc
    0050| 6C 75 64 69 6E 67 2E 2E | luding..
    0058| 2E 2E 2E 2E 2E 2E 2E 2E | ........
    0060| 2E 2E 2E 2E 2E 2E 2E 2E | ........
    0068| 2E 2E 2E 2E 2E 2E 2E 2E | ........
    0070| 2E 2E 2E 2E 2E 2E 2E 2E | ........
    0078| 2E 2E 2E 2E 2E 2E 2E 2E | ........
    0080| 2E 2E 2E 2E 2E 2E 2E 2E | ........
    0088| 2E 2E 2E 2E 2E 2E 2E 2E | ........
    0090| 2E 2E 2E 2E 2E 2E 2E 2E | ........
    0098| 2E 2E 2E 2E 2E 2E 2E 2E | ........
    00A0| 2E 2E 2E 2E 2E 2E 2E 2E | ........
    00A8| 2E 2E 2E 2E 2E 2E 2E 2E | ........
    00B0| 2E 2E 2E 2E 2E 2E 2E 2E | ........
    00B8| 2E 2E 2E 2E 2E 2E 2E 2E | ........
    00C0| 2E 2E 2E 2E 2E 2E 2E 2E | ........
    00C8| 2E 2E 2E 2E 2E 2E 2E 2E | ........
    00D0| 2E 2E 2E 2E 2E 2E 2E 2E | ........
    00D8| 2E 2E 2E 2E 2E 2E 2E 2E | ........
    00E0| 2E 2E 2E 2E 2E 2E 2E 2E | ........
    00E8| 2E 2E 2E 2E 2E 2E 2E 2E | ........
    00F0| 2E 2E 2E 2E 2E 2E 2E 2E | ........
    00F8| 2E 2E 2E 2E 2E 2E 2E 2E | ........

    ---

    MFM Sector
    Sector ID:010
    Track ID:039 - Side ID:001
    Size:00256 (ID:0x01)
    DataMark:0xFB
    Head CRC:0x77A5 (Ok)
    Data CRC:0x7545 (Ok)
    Start Sector cell:49808
    Start Sector Data cell:50512
    End Sector cell:54704
    Number of cells:4896

    0000| 2E 2E 2E 2E 2E 2E 2E 2E | ........
    0008| 2E 2E 2E 2E 2E 2E 2E 2E | ........
    0010| 2E 2E 2E 2E 2E 2E 2E 2E | ........
    0018| 2E 2E 2E 2E 2E 2E 2E 2E | ........
    0020| 2E 2E 2E 2E 2E 2E 2E 2E | ........
    0028| 2E 2E 2E 2E 2E 2E 2E 2E | ........
    0030| 2E 2E 2E 2E 2E 2E 2E 2E | ........
    0038| 2E 2E 2E 2E 2E 2E 2E 2E | ........
    0040| 2E 2E 2E 2E 2E 2E 2E 2E | ........
    0048| 2E 2E 2E 2E 2E 2E 2E 2E | ........
    0050| 2E 2E 2E 2E 2E 2E 2E 2E | ........
    0058| 2E 2E 2E 2E 2E 2E 2E 2E | ........
    0060| 2E 2E 2E 2E 2E 2E 2E 2E | ........
    0068| 2E 2E 2E 2E 2E 2E 2E 2E | ........
    0070| 2E 2E 2E 2E 2E 2E 2E 2E | ........
    0078| 2E 2E 2E 2E 2E 2E 2E 2E | ........
    0080| 2E 2E 2E 2E 2E 2E 2E 2E | ........
    0088| 2E 2E 2E 2E 2E 2E 2E 2E | ........
    0090| 2E 2E 2E 2E 2E 2E 2E 2E | ........
    0098| 2E 2E 2E 2E 2E 2E 2E 2E | ........
    00A0| 2E 2E 2E 2E 2E 2E 2E 2E | ........
    00A8| 2E 2E 2E 2E 2E 2E 2E 2E | ........
    00B0| 2E 2E 2E 2E 2E 2E 2E 2E | ........
    00B8| 2E 2E 2E 2E 2E 2E 2E 2E | ........
    00C0| 2E 2E 2E 2E 2E 2E 2E 2E | ........
    00C8| 2E 2E 2E 2E 2E 2E 2E 2E | ........
    00D0| 2E 2E 2E 2E 2E 2E 2E 2E | ........
    00D8| 2E 2E 2E 2E 2E 2E 2E 2E | ........
    00E0| 2E 2E 2E 2E 2E 2E 2E 2E | ........
    00E8| 2E 2E 2E 2E 2E 2E 2E 2E | ........
    00F0| 2E 2E 2E 2E 2E 2E 2E 2E | ........
    00F8| 2E 2E 2E 2E 2E 2E 2E 2E | ........

    ---

    MFM Sector
    Sector ID:011
    Track ID:039 - Side ID:001
    Size:00256 (ID:0x01)
    DataMark:0xFB
    Head CRC:0x4494 (Ok)
    Data CRC:0x7545 (Ok)
    Start Sector cell:55056
    Start Sector Data cell:55760
    End Sector cell:59952
    Number of cells:4896

    0000| 2E 2E 2E 2E 2E 2E 2E 2E | ........
    0008| 2E 2E 2E 2E 2E 2E 2E 2E | ........
    0010| 2E 2E 2E 2E 2E 2E 2E 2E | ........
    0018| 2E 2E 2E 2E 2E 2E 2E 2E | ........
    0020| 2E 2E 2E 2E 2E 2E 2E 2E | ........
    0028| 2E 2E 2E 2E 2E 2E 2E 2E | ........
    0030| 2E 2E 2E 2E 2E 2E 2E 2E | ........
    0038| 2E 2E 2E 2E 2E 2E 2E 2E | ........
    0040| 2E 2E 2E 2E 2E 2E 2E 2E | ........
    0048| 2E 2E 2E 2E 2E 2E 2E 2E | ........
    0050| 2E 2E 2E 2E 2E 2E 2E 2E | ........
    0058| 2E 2E 2E 2E 2E 2E 2E 2E | ........
    0060| 2E 2E 2E 2E 2E 2E 2E 2E | ........
    0068| 2E 2E 2E 2E 2E 2E 2E 2E | ........
    0070| 2E 2E 2E 2E 2E 2E 2E 2E | ........
    0078| 2E 2E 2E 2E 2E 2E 2E 2E | ........
    0080| 2E 2E 2E 2E 2E 2E 2E 2E | ........
    0088| 2E 2E 2E 2E 2E 2E 2E 2E | ........
    0090| 2E 2E 2E 2E 2E 2E 2E 2E | ........
    0098| 2E 2E 2E 2E 2E 2E 2E 2E | ........
    00A0| 2E 2E 2E 2E 2E 2E 2E 2E | ........
    00A8| 2E 2E 2E 2E 2E 2E 2E 2E | ........
    00B0| 2E 2E 2E 2E 2E 2E 2E 2E | ........
    00B8| 2E 2E 2E 2E 2E 2E 2E 2E | ........
    00C0| 2E 2E 2E 2E 2E 2E 2E 2E | ........
    00C8| 2E 2E 2E 2E 2E 2E 2E 2E | ........
    00D0| 2E 2E 2E 2E 2E 2E 2E 2E | ........
    00D8| 2E 2E 2E 2E 2E 2E 2E 2E | ........
    00E0| 2E 2E 2E 2E 2E 2E 2E 2E | ........
    00E8| 2E 2E 2E 2E 2E 2E 2E 2E | ........
    00F0| 2E 2E 2E 2E 2E 2E 2E 2E | ........
    00F8| 2E 2E 2E 2E 2E 2E 2E 2E | ........

    ---

    MFM Sector
    Sector ID:012
    Track ID:039 - Side ID:001
    Size:00256 (ID:0x01)
    DataMark:0xFB
    Head CRC:0xDD03 (Ok)
    Data CRC:0x7545 (Ok)
    Start Sector cell:60304
    Start Sector Data cell:61008
    End Sector cell:65200
    Number of cells:4896

    0000| 2E 2E 2E 2E 2E 2E 2E 2E | ........
    0008| 2E 2E 2E 2E 2E 2E 2E 2E | ........
    0010| 2E 2E 2E 2E 2E 2E 2E 2E | ........
    0018| 2E 2E 2E 2E 2E 2E 2E 2E | ........
    0020| 2E 2E 2E 2E 2E 2E 2E 2E | ........
    0028| 2E 2E 2E 2E 2E 2E 2E 2E | ........
    0030| 2E 2E 2E 2E 2E 2E 2E 2E | ........
    0038| 2E 2E 2E 2E 2E 2E 2E 2E | ........
    0040| 2E 2E 2E 2E 2E 2E 2E 2E | ........
    0048| 2E 2E 2E 2E 2E 2E 2E 2E | ........
    0050| 2E 2E 2E 2E 2E 2E 2E 2E | ........
    0058| 2E 2E 2E 2E 2E 2E 2E 2E | ........
    0060| 2E 2E 2E 2E 2E 2E 2E 2E | ........
    0068| 2E 2E 2E 2E 2E 2E 2E 2E | ........
    0070| 2E 2E 2E 2E 2E 2E 2E 2E | ........
    0078| 2E 2E 2E 2E 2E 2E 2E 2E | ........
    0080| 2E 2E 2E 2E 2E 2E 2E 2E | ........
    0088| 2E 2E 2E 2E 2E 2E 2E 2E | ........
    0090| 2E 2E 2E 2E 2E 2E 2E 2E | ........
    0098| 2E 2E 2E 2E 2E 2E 2E 2E | ........
    00A0| 2E 2E 2E 2E 2E 2E 2E 2E | ........
    00A8| 2E 2E 2E 2E 2E 2E 2E 2E | ........
    00B0| 2E 2E 2E 2E 2E 2E 2E 2E | ........
    00B8| 2E 2E 2E 2E 2E 2E 2E 2E | ........
    00C0| 2E 2E 2E 2E 2E 2E 2E 2E | ........
    00C8| 2E 2E 2E 2E 2E 2E 2E 2E | ........
    00D0| 2E 2E 2E 2E 2E 2E 2E 2E | ........
    00D8| 2E 2E 2E 2E 2E 2E 2E 2E | ........
    00E0| 2E 2E 2E 2E 2E 2E 2E 2E | ........
    00E8| 2E 2E 2E 2E 2E 2E 2E 2E | ........
    00F0| 2E 2E 2E 2E 2E 2E 2E 2E | ........
    00F8| 2E 2E 2E 2E 2E 2E 2E 2E | ........

    Track RPM : 300 RPM

    Bitrate : VARIABLE

    Track format :
    ISOIBM_MFM_ENCODING

    Track len : 100160 cells
    Number of side : 2

    Interface mode:
    GENERIC_SHUGART_DD_FLOPPYMODE
    Shugart Interface

### Debugging Information

    >> reset
    Bus: 32Kb VIDEO at 0xB8000
    FDC initialized for 4 drive(s)
    AX=0000 BX=0000 CX=0000 DX=0000 SP=0000 BP=0000 SI=0000 DI=0000 
    SS=0000 DS=0000 ES=0000 PS=F002 V0 D0 I0 T0 S0 Z0 A0 P0 C0 
    &FFFF:0000 EA5BE000F0       JMP      &F000:E05B (romBIOS+0x005B)
    >> g
    running
    INT 0x13: AH=0x00 at F000:E563 disk reset
    FDC initialized for 4 drive(s)
    INT 0x13: AH=0x00 at C800:01A8 disk reset
    FDC initialized for 4 drive(s)
    INT 0x13: AH=0x02 at C800:01B9 read drive 00 (00:00:01,01) into 0000:7C00
    fdcNEC.doRead(drive=0,CHS=0:0:1,PBA=0)
    INT 0x13: AH=0x00 at 0000:7C42 disk reset
    FDC initialized for 4 drive(s)
    INT 0x13: AH=0x02 at 0000:7D7B read drive 00 (00:00:06,01) into 0050:0000
    fdcNEC.doRead(drive=0,CHS=0:0:6,PBA=5)
    INT 0x13: AH=0x02 at 0000:7D7B read drive 00 (01:00:01,09) into 0070:0000
    fdcNEC.doRead(drive=0,CHS=1:0:1,PBA=9)
    INT 0x13: AH=0x02 at 0000:7D7B read drive 00 (02:00:01,09) into 0070:1200
    fdcNEC.doRead(drive=0,CHS=2:0:1,PBA=18)
    INT 0x13: AH=0x02 at 0070:05D1 read drive 00 (00:00:02,01) into 07C0:0000
    fdcNEC.doRead(drive=0,CHS=0:0:2,PBA=1)
    INT 0x13: AH=0x02 at 0070:05D1 read drive 00 (02:00:01,09) into 0213:0000
    fdcNEC.doRead(drive=0,CHS=2:0:1,PBA=18)
    INT 0x13: AH=0x02 at 0070:05D1 read drive 00 (03:00:01,09) into 0213:1200
    fdcNEC.doRead(drive=0,CHS=3:0:1,PBA=27)
    INT 0x13: AH=0x02 at 0070:05D1 read drive 00 (04:00:01,09) into 0213:2400
    fdcNEC.doRead(drive=0,CHS=4:0:1,PBA=36)
    INT 0x13: AH=0x02 at 0070:05D1 read drive 00 (05:00:01,07) into 0213:3600
    fdcNEC.doRead(drive=0,CHS=5:0:1,PBA=45)
    INT 0x21: AH=0x50 at 9F85:00C1 set current PSP 9F75
    INT 0x21: AH=0x25 at 9F85:00CC set address 9F85:06A8 of interrupt vector 24
    INT 0x21: AH=0x0E at 9F85:00DC select default drive 00
    INT 0x21: AH=0x48 at 9F85:01A2 allocate memory segment with FFFF paragraphs
    INT 0x21: AH=0x48 at 9F85:01A6 allocate memory segment with 9AE8 paragraphs
    INT 0x21: AH=0x37 at 9F85:01B1 get(0)/set(1) switch character 00 (00)
    INT 0x21: AH=0x3D at 9F85:01BE open file 9F85:074D "\CONFIG.SYS" with mode 00
    INT 0x13: AH=0x02 at 0070:05D1 read drive 00 (00:00:02,01) into 00E3:401F
    fdcNEC.doRead(drive=0,CHS=0:0:2,PBA=1)
    INT 0x13: AH=0x02 at 0070:05D1 read drive 00 (00:00:06,01) into 00E3:401F
    fdcNEC.doRead(drive=0,CHS=0:0:6,PBA=5)
    INT 0x13: AH=0x02 at 0070:05D1 read drive 00 (00:00:07,01) into 00E3:401F
    fdcNEC.doRead(drive=0,CHS=0:0:7,PBA=6)
    INT 0x21: AH=0x4A at 9F85:0254 resize memory segment 0518 to 0029 paragraphs
    INT 0x21: AH=0x48 at 9F85:025B allocate memory segment with FFFF paragraphs
    INT 0x21: AH=0x48 at 9F85:025F allocate memory segment with 9ABE paragraphs
    INT 0x21: AH=0x50 at 9F85:00F9 set current PSP 0542
    INT 0x21: AH=0x3E at 9F85:010C close file 0000
    INT 0x21: AH=0x3E at 9F85:0113 close file 0002
    INT 0x21: AH=0x3E at 9F85:0113 close file 0003
    INT 0x21: AH=0x3E at 9F85:0113 close file 0004
    INT 0x21: AH=0x3E at 9F85:0113 close file 0005
    INT 0x21: AH=0x3E at 9F85:0113 close file 0006
    INT 0x21: AH=0x3E at 9F85:0113 close file 0007
    INT 0x21: AH=0x3E at 9F85:0113 close file 0008
    INT 0x21: AH=0x3E at 9F85:0113 close file 0009
    INT 0x21: AH=0x3D at 9F85:0120 open file 9F85:0732 "\DEV\CON" with mode 02
    INT 0x13: AH=0x02 at 0070:05D1 read drive 00 (00:00:02,01) into 0520:0010
    fdcNEC.doRead(drive=0,CHS=0:0:2,PBA=1)
    INT 0x21: AH=0x3E at 9F85:012F close file 0001
    INT 0x21: AH=0x45 at 9F85:0136 duplicate file handle 0000
    INT 0x21: AH=0x45 at 9F85:013A duplicate file handle 0000
    INT 0x21: AH=0x3D at 9F85:06A5 open file 9F85:073B "\DEV\AUX" with mode 02
    INT 0x13: AH=0x02 at 0070:05D1 read drive 00 (00:00:02,01) into 00E3:401F
    fdcNEC.doRead(drive=0,CHS=0:0:2,PBA=1)
    INT 0x21: AH=0x44 at 9F85:0695 get device information (IOCTL)
    INT 0x21: AH=0x3D at 9F85:06A5 open file 9F85:0744 "\DEV\PRN" with mode 01
    INT 0x13: AH=0x02 at 0070:05D1 read drive 00 (00:00:02,01) into 0520:0010
    fdcNEC.doRead(drive=0,CHS=0:0:2,PBA=1)
    INT 0x21: AH=0x44 at 9F85:0695 get device information (IOCTL)
    INT 0x21: AH=0x3D at 9F85:065B open file 9F85:0759 "\COMMAND.COM" with mode 00
    INT 0x13: AH=0x02 at 0070:05D1 read drive 00 (00:00:02,01) into 00E3:401F
    fdcNEC.doRead(drive=0,CHS=0:0:2,PBA=1)
    INT 0x13: AH=0x02 at 0070:05D1 read drive 00 (00:00:06,01) into 0520:0010
    fdcNEC.doRead(drive=0,CHS=0:0:6,PBA=5)
    INT 0x21: AH=0x3F at 9F85:066A read FF00 bytes from file 0005 into buffer 0542:0100
    INT 0x13: AH=0x02 at 0070:05D1 read drive 00 (05:00:08,02) into 0552:0000
    fdcNEC.doRead(drive=0,CHS=5:0:8,PBA=52)
    INT 0x13: AH=0x02 at 0070:05D1 read drive 00 (06:00:01,09) into 0552:0400
    fdcNEC.doRead(drive=0,CHS=6:0:1,PBA=54)
    INT 0x13: AH=0x02 at 0070:05D1 read drive 00 (07:00:01,09) into 0552:1600
    fdcNEC.doRead(drive=0,CHS=7:0:1,PBA=63)
    INT 0x13: AH=0x02 at 0070:05D1 read drive 00 (08:00:01,09) into 0552:2800
    fdcNEC.doRead(drive=0,CHS=8:0:1,PBA=72)
    INT 0x13: AH=0x02 at 0070:05D1 read drive 00 (09:00:01,05) into 0552:3A00
    fdcNEC.doRead(drive=0,CHS=9:0:1,PBA=81)
    INT 0x13: AH=0x02 at 0070:05D1 read drive 00 (09:00:06,01) into 0520:0010
    fdcNEC.doRead(drive=0,CHS=9:0:6,PBA=86)
    INT 0x21: AH=0x3E at 9F85:067C close file 0005
    INT 0x21: AH=0x1A at 9F85:018B set disk transfer area (DTA=0542:0080)
    INT 0x21: AH=0x37 at 0542:0CC1 get(0)/set(1) switch character 42 (00)
    INT 0x21: AH=0x35 at 0542:0CDB get address (ES:BX) of interrupt vector 21
    INT 0x21: AH=0x25 at 0542:0CEB set address 0542:0180 of interrupt vector 21
    INT 0x21: AH=0x25 at 0542:06D4 set address 0542:039E of interrupt vector 22
    INT 0x21: AH=0x25 at 0542:06DC set address 0542:0299 of interrupt vector 23
    INT 0x21: AH=0x25 at 0542:06E4 set address 0542:04E2 of interrupt vector 24
    INT 0x21: AH=0x50 at 0542:0E57 set current PSP 0542
    INT 0x21: AH=0x25 at 0542:0E74 set address 0542:036D of interrupt vector 2E
    INT 0x21: AH=0x4A at 0542:0EC5 resize memory segment 0542 to 00BD paragraphs
    INT 0x21: AH=0x48 at 0542:0ED3 allocate memory segment with 000A paragraphs
    INT 0x21: AH=0x3D at 0542:066F open file 0542:0939 "A:\COMMAND.COM" with mode 00
    INT 0x13: AH=0x02 at 0070:05D1 read drive 00 (00:00:02,01) into 00E3:401F
    fdcNEC.doRead(drive=0,CHS=0:0:2,PBA=1)
    INT 0x13: AH=0x02 at 0070:05D1 read drive 00 (00:00:06,01) into 0520:0010
    fdcNEC.doRead(drive=0,CHS=0:0:6,PBA=5)
    INT 0x21: AH=0x42 at 0542:068D set position 0000:10C0 of file 0005 relative to 00
    INT 0x21: AH=0x3F at 0542:069E read 33BE bytes from file 0005 into buffer 9CB0:0100
    INT 0x13: AH=0x02 at 0070:05D1 read drive 00 (06:00:07,01) into 0520:0010
    fdcNEC.doRead(drive=0,CHS=6:0:7,PBA=60)
    INT 0x13: AH=0x02 at 0070:05D1 read drive 00 (06:00:08,02) into 9CC0:0140
    fdcNEC.doRead(drive=0,CHS=6:0:8,PBA=61)
    INT 0x13: AH=0x02 at 0070:05D1 read drive 00 (07:00:01,09) into 9CC0:0540
    fdcNEC.doRead(drive=0,CHS=7:0:1,PBA=63)
    INT 0x13: AH=0x02 at 0070:05D1 read drive 00 (08:00:01,09) into 9CC0:1740
    fdcNEC.doRead(drive=0,CHS=8:0:1,PBA=72)
    INT 0x13: AH=0x02 at 0070:05D1 read drive 00 (09:00:01,05) into 9CC0:2940
    fdcNEC.doRead(drive=0,CHS=9:0:1,PBA=81)
    INT 0x13: AH=0x02 at 0070:05D1 read drive 00 (09:00:06,01) into 0520:0010
    fdcNEC.doRead(drive=0,CHS=9:0:6,PBA=86)
    INT 0x21: AH=0x3E at 0542:06A4 close file 0005
    INT 0x21: AH=0x48 at 0542:0EFC allocate memory segment with 0003 paragraphs
    INT 0x21: AH=0x3D at 0542:0F2C open file 0542:1075 "A:\AUTOEXEC.BAT" with mode 00
    INT 0x13: AH=0x02 at 0070:05D1 read drive 00 (00:00:06,01) into 00E3:401F
    fdcNEC.doRead(drive=0,CHS=0:0:6,PBA=5)
    INT 0x13: AH=0x02 at 0070:05D1 read drive 00 (00:00:07,01) into 0520:0010
    fdcNEC.doRead(drive=0,CHS=0:0:7,PBA=6)
    INT 0x21: AH=0x49 at 0542:0F3E free memory segment 060B
    INT 0x21: AH=0x40 at 9CB0:22EF write 0010 bytes to file 0001 from buffer 9CB0:2724
    INT 0x21: AH=0x2A at 9CB0:1854 get system date (year=CX, mon=DH, day=DL)
    INT 0x21: AH=0x40 at 9CB0:22EF write 000E bytes to file 0001 from buffer 9CB0:2CC6
    INT 0x21: AH=0x40 at 9CB0:22EF write 0012 bytes to file 0002 from buffer 9CB0:2735
    INT 0x21: AH=0x0A at 9CB0:1945 buffered input (DS:DX)
    INT 0x21: AH=0x40 at 9CB0:22EF write 0002 bytes to file 0001 from buffer 9CB0:29B9
    INT 0x21: AH=0x2B at 9CB0:18BF set system date (year=07E3, mon=04, day=08)
    INT 0x21: AH=0x40 at 9CB0:22EF write 0010 bytes to file 0001 from buffer 9CB0:2757
    INT 0x21: AH=0x2C at 9CB0:18E3 get system time (hour=CH, min=CL, sec=DH, 100ths=DL)
    INT 0x21: AH=0x40 at 9CB0:22EF write 000B bytes to file 0001 from buffer 9CB0:2CC6
    INT 0x21: AH=0x40 at 9CB0:22EF write 0012 bytes to file 0002 from buffer 9CB0:2768
    INT 0x21: AH=0x0A at 9CB0:1945 buffered input (DS:DX)
    INT 0x21: AH=0x40 at 9CB0:22EF write 0002 bytes to file 0001 from buffer 9CB0:29B9
    INT 0x21: AH=0x2D at 9CB0:192F set system time (hour=11, min=39, sec=0D, 100ths=00)
    INT 0x21: AH=0x09 at 0542:0F62 write string 0542:0FD4 "....The IBM Personal Computer DOS..Version 2.00 (C)Copyright IBM Corp 1981, 1982, 1983.." to stdout
    INT 0x21: AH=0x48 at 0542:03AB allocate memory segment with FFFF paragraphs
    INT 0x21: AH=0x48 at 0542:03B8 allocate memory segment with 99F5 paragraphs
    INT 0x21: AH=0x3E at 0542:04C0 close file 0005
    INT 0x21: AH=0x3E at 0542:04C0 close file 0006
    INT 0x21: AH=0x3E at 0542:04C0 close file 0007
    INT 0x21: AH=0x3E at 0542:04C0 close file 0008
    INT 0x21: AH=0x3E at 0542:04C0 close file 0009
    INT 0x21: AH=0x3E at 0542:04C0 close file 000A
    INT 0x21: AH=0x3E at 0542:04C0 close file 000B
    INT 0x21: AH=0x3E at 0542:04C0 close file 000C
    INT 0x21: AH=0x3E at 0542:04C0 close file 000D
    INT 0x21: AH=0x3E at 0542:04C0 close file 000E
    INT 0x21: AH=0x3E at 0542:04C0 close file 000F
    INT 0x21: AH=0x3E at 0542:04C0 close file 0010
    INT 0x21: AH=0x3E at 0542:04C0 close file 0011
    INT 0x21: AH=0x3E at 0542:04C0 close file 0012
    INT 0x21: AH=0x3E at 0542:04C0 close file 0013
    INT 0x21: AH=0x25 at 0542:06D4 set address 0542:039E of interrupt vector 22
    INT 0x21: AH=0x25 at 0542:06DC set address 0542:0299 of interrupt vector 23
    INT 0x21: AH=0x25 at 0542:06E4 set address 0542:04E2 of interrupt vector 24
    INT 0x21: AH=0x37 at 0542:0435 get(0)/set(1) switch character EE (00)
    INT 0x21: AH=0x40 at 9CB0:22EF write 0002 bytes to file 0001 from buffer 9CB0:29B9
    INT 0x21: AH=0x19 at 9CB0:01AE get current default drive (AL)
    INT 0x21: AH=0x19 at 9CB0:1185 get current default drive (AL)
    INT 0x21: AH=0x40 at 9CB0:22BA write 0001 bytes to file 0001 from buffer 9CB0:2CC6
    INT 0x21: AH=0x0A at 9CB0:021C buffered input (DS:DX)
    INT 0x21: AH=0x40 at 9CB0:22EF write 0002 bytes to file 0001 from buffer 9CB0:29B9
    INT 0x21: AH=0x29 at 9CB0:035C parse filename 9CB0:2B8B "B:." into FCB 9CB0:2CD9 using 01
    INT 0x21: AH=0x29 at 9CB0:039F parse filename 9CB0:2B8D "." into FCB 9CB0:005C using 01
    INT 0x21: AH=0x29 at 9CB0:03C1 parse filename 9CB0:2B8D "." into FCB 9CB0:006C using 01
    INT 0x21: AH=0x0E at 9CB0:0102 select default drive 01
    INT 0x21: AH=0x3E at 0542:04C0 close file 0005
    INT 0x21: AH=0x3E at 0542:04C0 close file 0006
    INT 0x21: AH=0x3E at 0542:04C0 close file 0007
    INT 0x21: AH=0x3E at 0542:04C0 close file 0008
    INT 0x21: AH=0x3E at 0542:04C0 close file 0009
    INT 0x21: AH=0x3E at 0542:04C0 close file 000A
    INT 0x21: AH=0x3E at 0542:04C0 close file 000B
    INT 0x21: AH=0x3E at 0542:04C0 close file 000C
    INT 0x21: AH=0x3E at 0542:04C0 close file 000D
    INT 0x21: AH=0x3E at 0542:04C0 close file 000E
    INT 0x21: AH=0x3E at 0542:04C0 close file 000F
    INT 0x21: AH=0x3E at 0542:04C0 close file 0010
    INT 0x21: AH=0x3E at 0542:04C0 close file 0011
    INT 0x21: AH=0x3E at 0542:04C0 close file 0012
    INT 0x21: AH=0x3E at 0542:04C0 close file 0013
    INT 0x21: AH=0x40 at 9CB0:22EF write 0002 bytes to file 0001 from buffer 9CB0:29B9
    INT 0x21: AH=0x19 at 9CB0:01AE get current default drive (AL)
    INT 0x21: AH=0x19 at 9CB0:1185 get current default drive (AL)
    INT 0x21: AH=0x40 at 9CB0:22BA write 0001 bytes to file 0001 from buffer 9CB0:2CC6
    INT 0x21: AH=0x0A at 9CB0:021C buffered input (DS:DX)
    INT 0x21: AH=0x40 at 9CB0:22EF write 0002 bytes to file 0001 from buffer 9CB0:29B9
    INT 0x21: AH=0x29 at 9CB0:035C parse filename 9CB0:2B8B "WORD." into FCB 9CB0:2CD9 using 01
    INT 0x21: AH=0x29 at 9CB0:039F parse filename 9CB0:2B8F "." into FCB 9CB0:005C using 01
    INT 0x21: AH=0x29 at 9CB0:03C1 parse filename 9CB0:2B8F "." into FCB 9CB0:006C using 01
    INT 0x21: AH=0x47 at 9CB0:134D get current directory (DS:SI) for drive 00
    INT 0x13: AH=0x02 at 0070:05D1 read drive 01 (00:00:02,01) into 00E3:401F
    fdcNEC.doRead(drive=1,CHS=0:0:2,PBA=1)
    INT 0x21: AH=0x1A at 9CB0:049A set disk transfer area (DTA=9CB0:2D55)
    INT 0x21: AH=0x11 at 9CB0:04C1 find first matching file using FCB 9CB0:2CD9 "WORD    ???"
    INT 0x13: AH=0x02 at 0070:05D1 read drive 01 (00:00:02,01) into 0520:0010
    fdcNEC.doRead(drive=1,CHS=0:0:2,PBA=1)
    INT 0x13: AH=0x02 at 0070:05D1 read drive 01 (00:00:06,01) into 00E3:401F
    fdcNEC.doRead(drive=1,CHS=0:0:6,PBA=5)
    INT 0x21: AH=0x3B at 9CB0:0D54 set current directory 9CB0:2C0C "B:\"
    INT 0x13: AH=0x02 at 0070:05D1 read drive 01 (00:00:02,01) into 0520:0010
    fdcNEC.doRead(drive=1,CHS=0:0:2,PBA=1)
    INT 0x21: AH=0x49 at 9CB0:06D5 free memory segment 060B
    INT 0x21: AH=0x4B at 0542:028A load program 9CB0:2C4F "B:WORD.COM" using parameter block 0542:0B1C
    INT 0x21: AH=0x48 at 0542:01AF allocate memory segment with FFFF paragraphs
    INT 0x21: AH=0x48 at 0542:01B9 allocate memory segment with 99F5 paragraphs
    INT 0x21: AH=0x49 at 0542:01D1 free memory segment 060B
    INT 0x21: AH=0x33 at 9FA7:0005 extended break check
    INT 0x21: AH=0x33 at 9FA7:0010 extended break check
    INT 0x21: AH=0x51 at 9FA7:0014 get current PSP (bx)
    INT 0x21: AH=0x19 at 9FA7:002D get current default drive (AL)
    INT 0x21: AH=0x0E at 9FA7:0033 select default drive 01
    INT 0x21: AH=0x3D at 9FA7:007D open file 9CB0:2C4F "B:WORD.COM" with mode 00
    INT 0x13: AH=0x02 at 0070:05D1 read drive 01 (00:00:02,01) into 00E3:401F
    fdcNEC.doRead(drive=1,CHS=0:0:2,PBA=1)
    INT 0x13: AH=0x02 at 0070:05D1 read drive 01 (00:00:06,01) into 0520:0010
    fdcNEC.doRead(drive=1,CHS=0:0:6,PBA=5)
    INT 0x21: AH=0x44 at 9FA7:008A get device information (IOCTL)
    INT 0x21: AH=0x48 at 9FA7:00E2 allocate memory segment with 0002 paragraphs
    INT 0x21: AH=0x3F at 9FA7:0117 read 001E bytes from file 0005 into buffer 9FA7:0568
    INT 0x13: AH=0x02 at 0070:05D1 read drive 01 (0E:00:07,01) into 00E3:401F
    fdcNEC.doRead(drive=1,CHS=14:0:7,PBA=258)
    INT 0x21: AH=0x48 at 9FA7:031C allocate memory segment with FFFF paragraphs
    INT 0x21: AH=0x48 at 9FA7:0329 allocate memory segment with 99F2 paragraphs
    INT 0x21: AH=0x42 at 9FA7:0368 set position 0000:0000 of file 0005 relative to 00
    INT 0x21: AH=0x3F at 9FA7:037D read FFFF bytes from file 0005 into buffer 061E:0000
    INT 0x13: AH=0x02 at 0070:05D1 read drive 01 (00:00:02,01) into 0520:0010
    fdcNEC.doRead(drive=1,CHS=0:0:2,PBA=1)
    INT 0x13: AH=0x02 at 0070:05D1 read drive 01 (0E:00:07,03) into 061E:0000
    fdcNEC.doRead(drive=1,CHS=14:0:7,PBA=258)
    INT 0x13: AH=0x02 at 0070:05D1 read drive 01 (0E:01:01,01) into 061E:0600
    fdcNEC.doRead(drive=1,CHS=14:1:1,PBA=261)
    INT 0x13: AH=0x02 at 0070:05D1 read drive 01 (0E:01:02,01) into 0520:0010
    fdcNEC.doRead(drive=1,CHS=14:1:2,PBA=262)
    INT 0x21: AH=0x3E at 9FA7:03BE close file 0005
    INT 0x21: AH=0x55 at 9FA7:03EF create child PSP at segment 060E
    INT 0x21: AH=0x1A at 9FA7:0492 set disk transfer area (DTA=060E:0080)
    INT 0x21: AH=0x33 at 9FA7:0549 extended break check
    INT 0x21: AH=0x30 at 072E:01B7 get DOS version (AL=major, AH=minor)
    INT 0x21: AH=0x1C at 072E:01C4 get allocation information for specific drive 00
    INT 0x13: AH=0x02 at 0070:05D1 read drive 01 (00:00:02,01) into 00E3:401F
    fdcNEC.doRead(drive=1,CHS=0:0:2,PBA=1)
    INT 0x21: AH=0x19 at 072E:01ED get current default drive (AL)
    INT 0x21: AH=0x1C at 072E:01F7 get allocation information for specific drive 00
    INT 0x13: AH=0x02 at 0070:05D1 read drive 01 (00:00:02,01) into 0520:0010
    fdcNEC.doRead(drive=1,CHS=0:0:2,PBA=1)
    INT 0x21: AH=0x0F at 072E:0205 open file using FCB 072E:08E2 ""
    INT 0x13: AH=0x02 at 0070:05D1 read drive 01 (00:00:02,01) into 00E3:401F
    fdcNEC.doRead(drive=1,CHS=0:0:2,PBA=1)
    INT 0x13: AH=0x02 at 0070:05D1 read drive 01 (00:00:06,01) into 0520:0010
    fdcNEC.doRead(drive=1,CHS=0:0:6,PBA=5)
    INT 0x21: AH=0x25 at 072E:04CE set address 072E:0107 of interrupt vector 1E
    bp &072E:03B4 hit
    stopped (2184300 opcodes, 45142305 cycles, 1554771436026 ms, 0 hz)
    AX=0201 BX=090E CX=2705 DX=0101 SP=FFF4 BP=0000 SI=052D DI=0112 
    SS=060E DS=072E ES=072E PS=F202 V0 D0 I1 T0 S0 Z0 A0 P0 C0 
    &072E:03B4 CD13             INT      13
    >> db es:bx
    &072E:090E  E8 4B F6 3C 20 77 C6 3C-0D 74 07 E8 40 F6 3C 0D  .K.< w.<.t..@.<.
    &072E:091E  75 F9 E8 39 F6 2E 8B 1E-D1 2E B4 3E CD 21 C3 1E  u..9.......>.!..
    &072E:092E  8E 1E 33 09 33 D2 B8 00-3D CD 21 72 15 1F 36 A3  ..3.3...=.!r..6.
    &072E:093E  D1 2E 8B D8 8B 16 35 09-8B 0E 37 09 B8 00 42 CD  ......5...7...B.
    &072E:094E  21 C3 8B DA 8A 07 2C 40-1F F9 C3 E8 90 00 72 12  !.....,@......r.
    &072E:095E  8E 1E A0 2C 75 06 C6 06-6E 09 01 C3 C6 06 6E 09  ...,u...n.....n.
    &072E:096E  00 C3 A0 80 00 3C 02 72-09 BA 82 00 E8 4E 0B E9  .....<.r.....N..
    &072E:097E  3D F4 8E 1E A0 2C 8A 1E-6E 09 0E 1F BA 5E 29 EB  =....,..n....^).
    >> pr
    INT 0x13: AH=0x02 at 072E:03B4 read drive 01 (27:01:05,01) into 072E:090E
    fdcNEC.doRead(drive=1,CHS=39:1:5,PBA=715)
    AX=1000 BX=090E CX=2705 DX=0101 SP=FFF4 BP=0000 SI=052D DI=0112 
    SS=060E DS=072E ES=072E PS=F217 V0 D0 I1 T0 S0 Z0 A1 P1 C1 
    &072E:03B6 73D4             JNC      038C (WORD.COM+0x028C)   ;cycles=13170
    >> db es:bx
    &072E:090E  E8 4B F6 3C 20 77 C6 3C-0D 74 07 E8 40 F6 3C 0D  .K.< w.<.t..@.<.
    &072E:091E  75 F9 E8 39 F6 2E 8B 1E-D1 2E B4 3E CD 21 C3 1E  u..9.......>.!..
    &072E:092E  8E 1E 33 09 33 D2 B8 00-3D CD 21 72 15 1F 36 A3  ..3.3...=.!r..6.
    &072E:093E  D1 2E 8B D8 8B 16 35 09-8B 0E 37 09 B8 00 42 CD  ......5...7...B.
    &072E:094E  21 C3 8B DA 8A 07 2C 40-1F F9 C3 E8 90 00 72 12  !.....,@......r.
    &072E:095E  8E 1E A0 2C 75 06 C6 06-6E 09 01 C3 C6 06 6E 09  ...,u...n.....n.
    &072E:096E  00 C3 A0 80 00 3C 02 72-09 BA 82 00 E8 4E 0B E9  .....<.r.....N..
    &072E:097E  3D F4 8E 1E A0 2C 8A 1E-6E 09 0E 1F BA 5E 29 EB  =....,..n....^).
    >> g
    running
    bp &072E:0433 hit
    stopped (958 opcodes, 2750 cycles, 1554771461419 ms, 0 hz)
    AX=0201 BX=090E CX=2706 DX=0101 SP=FFF2 BP=0000 SI=0A2A DI=0020 
    SS=060E DS=072E ES=072E PS=F212 V0 D0 I1 T0 S0 Z0 A1 P0 C0 
    &072E:0433 CD13             INT      13
    >> db es:bx
    &072E:090E  E8 4B F6 3C 20 77 C6 3C-0D 74 07 E8 40 F6 3C 0D  .K.< w.<.t..@.<.
    &072E:091E  75 F9 E8 39 F6 2E 8B 1E-D1 2E B4 3E CD 21 C3 1E  u..9.......>.!..
    &072E:092E  8E 1E 33 09 33 D2 B8 00-3D CD 21 72 15 1F 36 A3  ..3.3...=.!r..6.
    &072E:093E  D1 2E 8B D8 8B 16 35 09-8B 0E 37 09 B8 00 42 CD  ......5...7...B.
    &072E:094E  21 C3 8B DA 8A 07 2C 40-1F F9 C3 E8 90 00 72 12  !.....,@......r.
    &072E:095E  8E 1E A0 2C 75 06 C6 06-6E 09 01 C3 C6 06 6E 09  ...,u...n.....n.
    &072E:096E  00 C3 A0 80 00 3C 02 72-09 BA 82 00 E8 4E 0B E9  .....<.r.....N..
    &072E:097E  3D F4 8E 1E A0 2C 8A 1E-6E 09 0E 1F BA 5E 29 EB  =....,..n....^).
    >> d
    &072E:098E  28 E9 7A EF E8 57 00 B8-01 33 72 0C 75 05 B2 01  (.z..W...3r.u...
    &072E:099E  CD 21 C3 32 D2 CD 21 C3-8A 0E 80 00 0A C9 75 E1  .!.2..!.......u.
    &072E:09AE  32 C0 CD 21 8A DA BA 49-29 E8 16 0B BA 44 29 0A  2..!...I)....D).
    &072E:09BE  DB 75 03 BA 3E 29 E9 09-0B E8 22 00 B8 01 2E 72  .u..>)...."....r
    &072E:09CE  0A 75 03 CD 21 C3 FE C8-CD 21 C3 8A 0E 80 00 0A  .u..!....!......
    &072E:09DE  C9 75 AE B4 54 CD 21 8A-D8 BA 53 29 EB CB BE 5D  .u..T.!...S)...]
    &072E:09EE  00 AC 0C 20 3C 6F 75 1B-AD 0D 20 20 3C 6E 75 06  ... <ou...  <nu.
    &072E:09FE  80 FC 20 75 0E C3 3D 66-66 75 08 AC 3C 20 75 03  .. u..=ffu..< u.
    >> d
    &072E:0A0E  FE C0 C3 BA 4A 28 F9 C3-06 1E 8C C8 8E C0 8E D8  ....J(..........
    &072E:0A1E  C7 06 81 00 0D 00 C6 06-89 2B 80 C7 06 8A 2B 01  .........+....+.
    &072E:0A2E  0D E8 06 00 E8 99 00 1F-07 CB BE 81 00 E8 6F F5  ..............o.
    &072E:0A3E  3C 0D 74 39 BB 2D 2F E8-0A 01 EB 43 90 06 57 0E  <.t9.-/....C..W.
    &072E:0A4E  07 BF C6 2C B4 2A CD 21-98 8B F0 D1 E6 03 F0 81  ...,.*.!........
    &072E:0A5E  C6 00 27 8B D9 B9 03 00-F3 A4 B0 20 AA 8B C3 8B  ..'........ ....
    &072E:0A6E  CA B2 64 F6 F2 86 C4 92-B3 2D E9 1E 01 BA 24 27  ..d......-....$'
    &072E:0A7E  E8 4F 0A E8 C7 FF BA 35-27 BB 2D 2F E8 B0 00 74  .O.....5'.-/...t
    >> d
    &072E:0A8E  36 72 35 AC 3A C3 74 04-3A C7 75 2C E8 D5 00 72  6r5.:.t.:.u,...r
    &072E:0A9E  27 B9 6C 07 80 3C 0D 74-0B B0 64 F6 E4 8B C8 E8  '.l..<.t..d.....
    &072E:0AAE  C2 00 72 14 8A C4 B4 00-03 C8 AC 3C 0D 75 09 B4  ..r........<.u..
    &072E:0ABE  2B CD 21 0A C0 75 01 C3-BA 15 27 E8 04 0A EB B6  +.!..u....'.....
    &072E:0ACE  BE 81 00 E8 D9 F4 3C 0D-74 12 BB 3A 3A E8 74 00  ......<.t..::.t.
    &072E:0ADE  EB 1E 90 B4 2C CD 21 B3-3A E9 A8 00 BA 57 27 E8  ....,.!.:....W'.
    &072E:0AEE  E0 09 E8 EE FF 33 C9 BA-68 27 BB 3A 3A E8 3F 00  .....3..h'.::.?.
    &072E:0AFE  74 66 72 33 8B CA 33 D2-AC 3C 0D 74 22 3A C3 75  tfr3..3..<.t":.u
    >> r
    AX=0201 BX=090E CX=2706 DX=0101 SP=FFF2 BP=0000 SI=0A2A DI=0020 
    SS=060E DS=072E ES=072E PS=F212 V0 D0 I1 T0 S0 Z0 A1 P0 C0 
    &072E:0433 CD13             INT      13
    >> pr
    INT 0x13: AH=0x02 at 072E:0433 read drive 01 (27:01:06,01) into 072E:090E
    fdcNEC.doRead(drive=1,CHS=39:1:6,PBA=716)
    AX=0000 BX=090E CX=2706 DX=0101 SP=FFF2 BP=0000 SI=0A2A DI=0020 
    SS=060E DS=072E ES=072E PS=F296 V0 D0 I1 T0 S1 Z0 A1 P1 C0 
    &072E:0435 730D             JNC      0444 (WORD.COM+0x0344)   ;cycles=13033
    >> db es:bx
    &072E:090E  43 6F 70 79 72 69 67 68-74 20 20 31 39 38 33 20  Copyright  1983 
    &072E:091E  62 79 20 4D 69 63 72 6F-73 6F 66 74 0D 0A 57 6F  by Microsoft..Wo
    &072E:092E  72 64 20 46 72 65 65 64-6F 6D 20 46 69 67 68 74  rd Freedom Fight
    &072E:093E  65 72 73 3A 0D 0A 52 69-63 68 61 72 64 20 42 72  ers:..Richard Br
    &072E:094E  6F 64 69 65 0D 0A 4A 61-62 65 20 42 6C 75 6D 65  odie..Jabe Blume
    &072E:095E  6E 74 68 61 6C 0D 0A 4A-65 66 66 20 48 61 72 62  nthal..Jeff Harb
    &072E:096E  65 72 73 0D 0A 44 6F 75-67 20 4B 6C 75 6E 64 65  ers..Doug Klunde
    &072E:097E  72 0D 0A 42 72 75 63 65-20 4C 65 61 6B 0D 0A 46  r..Bruce Leak..F
    >> d
    &072E:098E  72 61 6E 6B 20 4C 69 61-6E 67 0D 0A 43 61 72 6C  rank Liang..Carl
    &072E:099E  20 4D 63 43 6F 6E 6E 65-6C 6C 0D 0A 44 61 76 69   McConnell..Davi
    &072E:09AE  64 20 50 61 6C 6D 65 72-0D 0A 43 68 72 69 73 20  d Palmer..Chris 
    &072E:09BE  50 65 74 65 72 73 0D 0A-4A 65 66 66 20 52 61 69  Peters..Jeff Rai
    &072E:09CE  6B 65 73 0D 0A 54 6F 6D-20 52 65 65 76 65 0D 0A  kes..Tom Reeve..
    &072E:09DE  4B 65 6E 20 53 68 61 70-69 72 6F 0D 0A 43 68 61  Ken Shapiro..Cha
    &072E:09EE  72 6C 65 73 20 53 69 6D-6F 6E 79 69 0D 0A 47 72  rles Simonyi..Gr
    &072E:09FE  65 67 20 43 6F 78 0D 0A-50 61 74 20 54 68 00 03  eg Cox..Pat Th..
    >> d
    &072E:0A0E  FE C0 C3 BA 4A 28 F9 C3-06 1E 8C C8 8E C0 8E D8  ....J(..........
    &072E:0A1E  C7 06 81 00 0D 00 C6 06-89 2B 80 C7 06 8A 2B 01  .........+....+.
    &072E:0A2E  0D E8 06 00 E8 99 00 1F-07 CB BE 81 00 E8 6F F5  ..............o.
    &072E:0A3E  3C 0D 74 39 BB 2D 2F E8-0A 01 EB 43 90 06 57 0E  <.t9.-/....C..W.
    &072E:0A4E  07 BF C6 2C B4 2A CD 21-98 8B F0 D1 E6 03 F0 81  ...,.*.!........
    &072E:0A5E  C6 00 27 8B D9 B9 03 00-F3 A4 B0 20 AA 8B C3 8B  ..'........ ....
    &072E:0A6E  CA B2 64 F6 F2 86 C4 92-B3 2D E9 1E 01 BA 24 27  ..d......-....$'
    &072E:0A7E  E8 4F 0A E8 C7 FF BA 35-27 BB 2D 2F E8 B0 00 74  .O.....5'.-/...t
    >> d
    &072E:0A8E  36 72 35 AC 3A C3 74 04-3A C7 75 2C E8 D5 00 72  6r5.:.t.:.u,...r
    &072E:0A9E  27 B9 6C 07 80 3C 0D 74-0B B0 64 F6 E4 8B C8 E8  '.l..<.t..d.....
    &072E:0AAE  C2 00 72 14 8A C4 B4 00-03 C8 AC 3C 0D 75 09 B4  ..r........<.u..
    &072E:0ABE  2B CD 21 0A C0 75 01 C3-BA 15 27 E8 04 0A EB B6  +.!..u....'.....
    &072E:0ACE  BE 81 00 E8 D9 F4 3C 0D-74 12 BB 3A 3A E8 74 00  ......<.t..::.t.
    &072E:0ADE  EB 1E 90 B4 2C CD 21 B3-3A E9 A8 00 BA 57 27 E8  ....,.!.:....W'.
    &072E:0AEE  E0 09 E8 EE FF 33 C9 BA-68 27 BB 3A 3A E8 3F 00  .....3..h'.::.?.
    &072E:0AFE  74 66 72 33 8B CA 33 D2-AC 3C 0D 74 22 3A C3 75  tfr3..3..<.t":.u
    >> bp 0dee:05cb
    bp &0DEE:05CB set
    >> g
    running
    INT 0x21: AH=0x25 at 072E:045B set address 0000:0522 of interrupt vector 1E
    INT 0x21: AH=0x1A at 072E:054E set disk transfer area (DTA=072E:0A2E)
    INT 0x21: AH=0x27 at 072E:0558 random block read from file using FCB 072E:08E2 ""
    INT 0x13: AH=0x02 at 0070:05D1 read drive 01 (04:01:08,02) into 072E:0A2E
    fdcNEC.doRead(drive=1,CHS=4:1:8,PBA=88)
    INT 0x13: AH=0x02 at 0070:05D1 read drive 01 (05:00:01,07) into 072E:0E2E
    fdcNEC.doRead(drive=1,CHS=5:0:1,PBA=90)
    INT 0x21: AH=0x1A at 084E:054E set disk transfer area (DTA=084E:0A2E)
    INT 0x21: AH=0x27 at 084E:0558 random block read from file using FCB 084E:08E2 ""
    INT 0x13: AH=0x02 at 0070:05D1 read drive 01 (05:00:08,02) into 084E:0A2E
    fdcNEC.doRead(drive=1,CHS=5:0:8,PBA=97)
    INT 0x13: AH=0x02 at 0070:05D1 read drive 01 (05:01:01,07) into 084E:0E2E
    fdcNEC.doRead(drive=1,CHS=5:1:1,PBA=99)
    INT 0x21: AH=0x1A at 096E:054E set disk transfer area (DTA=096E:0A2E)
    INT 0x21: AH=0x27 at 096E:0558 random block read from file using FCB 096E:08E2 ""
    INT 0x13: AH=0x02 at 0070:05D1 read drive 01 (05:01:08,02) into 096E:0A2E
    fdcNEC.doRead(drive=1,CHS=5:1:8,PBA=106)
    INT 0x13: AH=0x02 at 0070:05D1 read drive 01 (06:00:01,07) into 096E:0E2E
    fdcNEC.doRead(drive=1,CHS=6:0:1,PBA=108)
    INT 0x21: AH=0x1A at 0A8E:054E set disk transfer area (DTA=0A8E:0A2E)
    INT 0x21: AH=0x27 at 0A8E:0558 random block read from file using FCB 0A8E:08E2 ""
    INT 0x13: AH=0x02 at 0070:05D1 read drive 01 (06:00:08,02) into 0A8E:0A2E
    fdcNEC.doRead(drive=1,CHS=6:0:8,PBA=115)
    INT 0x13: AH=0x02 at 0070:05D1 read drive 01 (06:01:01,07) into 0A8E:0E2E
    fdcNEC.doRead(drive=1,CHS=6:1:1,PBA=117)
    INT 0x21: AH=0x1A at 0BAE:054E set disk transfer area (DTA=0BAE:0A2E)
    INT 0x21: AH=0x27 at 0BAE:0558 random block read from file using FCB 0BAE:08E2 ""
    INT 0x13: AH=0x02 at 0070:05D1 read drive 01 (06:01:08,02) into 0BAE:0A2E
    fdcNEC.doRead(drive=1,CHS=6:1:8,PBA=124)
    INT 0x13: AH=0x02 at 0070:05D1 read drive 01 (07:00:01,07) into 0BAE:0E2E
    fdcNEC.doRead(drive=1,CHS=7:0:1,PBA=126)
    INT 0x21: AH=0x1A at 0CCE:054E set disk transfer area (DTA=0CCE:0A2E)
    INT 0x21: AH=0x27 at 0CCE:0558 random block read from file using FCB 0CCE:08E2 ""
    INT 0x13: AH=0x02 at 0070:05D1 read drive 01 (07:00:08,01) into 0520:0010
    fdcNEC.doRead(drive=1,CHS=7:0:8,PBA=133)
    INT 0x21: AH=0x1A at 0DEE:054E set disk transfer area (DTA=0DEE:0A2E)
    INT 0x21: AH=0x27 at 0DEE:0558 random block read from file using FCB 0DEE:08E2 ""
    bp &0DEE:05CB hit
    stopped (363125 opcodes, 8313431 cycles, 1554771508179 ms, 0 hz)
    AX=1001 BX=0CCE CX=0000 DX=08E2 SP=FFF0 BP=0000 SI=00FF DI=12FF 
    SS=060E DS=0DEE ES=0DEE PS=F246 V0 D0 I1 T0 S0 Z1 A0 P1 C0 
    &0DEE:05CB CD21             INT      21
    >> pr
    INT 0x21: AH=0x10 at 0DEE:05CB close file using FCB 0DEE:08E2 ""
    AX=1000 BX=0CCE CX=0000 DX=08E2 SP=FFF0 BP=0000 SI=00FF DI=12FF 
    SS=060E DS=0DEE ES=0DEE PS=F246 V0 D0 I1 T0 S0 Z1 A0 P1 C0 
    &0DEE:05CD 8CC8             MOV      AX,CS                    ;cycles=2276
    >> pr
    AX=0DEE BX=0CCE CX=0000 DX=08E2 SP=FFF0 BP=0000 SI=00FF DI=12FF 
    SS=060E DS=0DEE ES=0DEE PS=F246 V0 D0 I1 T0 S0 Z1 A0 P1 C0 
    &0DEE:05CF 8ED8             MOV      DS,AX                    ;cycles=10
    >> pr
    AX=0DEE BX=0CCE CX=0000 DX=08E2 SP=FFF0 BP=0000 SI=00FF DI=12FF 
    SS=060E DS=0DEE ES=0DEE PS=F246 V0 D0 I1 T0 S0 Z1 A0 P1 C0 
    &0DEE:05D1 33C0             XOR      AX,AX                    ;cycles=10
    >> pr
    AX=0000 BX=0CCE CX=0000 DX=08E2 SP=FFF0 BP=0000 SI=00FF DI=12FF 
    SS=060E DS=0DEE ES=0DEE PS=F246 V0 D0 I1 T0 S0 Z1 A0 P1 C0 
    &0DEE:05D3 8EC0             MOV      ES,AX                    ;cycles=11
    >> pr
    AX=0000 BX=0CCE CX=0000 DX=08E2 SP=FFF0 BP=0000 SI=00FF DI=12FF 
    SS=060E DS=0DEE ES=0000 PS=F246 V0 D0 I1 T0 S0 Z1 A0 P1 C0 
    &0DEE:05D5 8BF8             MOV      DI,AX                    ;cycles=10
    >> pr
    AX=0000 BX=0CCE CX=0000 DX=08E2 SP=FFF0 BP=0000 SI=00FF DI=0000 
    SS=060E DS=0DEE ES=0000 PS=F246 V0 D0 I1 T0 S0 Z1 A0 P1 C0 
    &0DEE:05D7 BE2601           MOV      SI,0126                  ;cycles=10
    >> pr
    AX=0000 BX=0CCE CX=0000 DX=08E2 SP=FFF0 BP=0000 SI=0126 DI=0000 
    SS=060E DS=0DEE ES=0000 PS=F246 V0 D0 I1 T0 S0 Z1 A0 P1 C0 
    &0DEE:05DA A32A01           MOV      [012A],AX                ;cycles=12
    >> pr
    AX=0000 BX=0CCE CX=0000 DX=08E2 SP=FFF0 BP=0000 SI=0126 DI=0000 
    SS=060E DS=0DEE ES=0000 PS=F246 V0 D0 I1 T0 S0 Z1 A0 P1 C0 
    &0DEE:05DD A32C01           MOV      [012C],AX                ;cycles=22
    >> pr
    AX=0000 BX=0CCE CX=0000 DX=08E2 SP=FFF0 BP=0000 SI=0126 DI=0000 
    SS=060E DS=0DEE ES=0000 PS=F246 V0 D0 I1 T0 S0 Z1 A0 P1 C0 
    &0DEE:05E0 A33201           MOV      [0132],AX                ;cycles=22
    >> pr
    AX=0000 BX=0CCE CX=0000 DX=08E2 SP=FFF0 BP=0000 SI=0126 DI=0000 
    SS=060E DS=0DEE ES=0000 PS=F246 V0 D0 I1 T0 S0 Z1 A0 P1 C0 
    &0DEE:05E3 A33401           MOV      [0134],AX                ;cycles=22
    >> pr
    AX=0000 BX=0CCE CX=0000 DX=08E2 SP=FFF0 BP=0000 SI=0126 DI=0000 
    SS=060E DS=0DEE ES=0000 PS=F246 V0 D0 I1 T0 S0 Z1 A0 P1 C0 
    &0DEE:05E6 B92000           MOV      CX,0020                  ;cycles=22
    >> pr
    AX=0000 BX=0CCE CX=0020 DX=08E2 SP=FFF0 BP=0000 SI=0126 DI=0000 
    SS=060E DS=0DEE ES=0000 PS=F246 V0 D0 I1 T0 S0 Z1 A0 P1 C0 
    &0DEE:05E9 FC               CLD                               ;cycles=12
    >> pr
    AX=0000 BX=0CCE CX=0020 DX=08E2 SP=FFF0 BP=0000 SI=0126 DI=0000 
    SS=060E DS=0DEE ES=0000 PS=F246 V0 D0 I1 T0 S0 Z1 A0 P1 C0 
    &0DEE:05EA F3               REPZ    
    &0DEE:05EB A4               MOVSB                             ;cycles=6
    >> pr
    AX=0000 BX=0CCE CX=0000 DX=08E2 SP=FFF0 BP=0000 SI=0146 DI=0020 
    SS=060E DS=0DEE ES=0000 PS=F246 V0 D0 I1 T0 S0 Z1 A0 P1 C0 
    &0DEE:05EC 07               POP      ES                       ;cycles=807
    >> pr
    AX=0000 BX=0CCE CX=0000 DX=08E2 SP=FFF2 BP=0000 SI=0146 DI=0020 
    SS=060E DS=0DEE ES=0DEE PS=F246 V0 D0 I1 T0 S0 Z1 A0 P1 C0 
    &0DEE:05ED 1F               POP      DS                       ;cycles=16
    >> pr
    AX=0000 BX=0CCE CX=0000 DX=08E2 SP=FFF4 BP=0000 SI=0146 DI=0020 
    SS=060E DS=0DEE ES=0DEE PS=F246 V0 D0 I1 T0 S0 Z1 A0 P1 C0 
    &0DEE:05EE C3               RET                               ;cycles=16
    >> pr
    AX=0000 BX=0CCE CX=0000 DX=08E2 SP=FFF6 BP=0000 SI=0146 DI=0020 
    SS=060E DS=0DEE ES=0DEE PS=F246 V0 D0 I1 T0 S0 Z1 A0 P1 C0 
    &0DEE:027D 8B264801         MOV      SP,[0148]                ;cycles=16
    >> pr
    AX=0000 BX=0CCE CX=0000 DX=08E2 SP=FFFE BP=0000 SI=0146 DI=0020 
    SS=060E DS=0DEE ES=0DEE PS=F246 V0 D0 I1 T0 S0 Z1 A0 P1 C0 
    &0DEE:0281 8E061301         MOV      ES,[0113]                ;cycles=30
    >> pr
    AX=0000 BX=0CCE CX=0000 DX=08E2 SP=FFFE BP=0000 SI=0146 DI=0020 
    SS=060E DS=0DEE ES=060E PS=F246 V0 D0 I1 T0 S0 Z1 A0 P1 C0 
    &0DEE:0285 8E1E1301         MOV      DS,[0113]                ;cycles=30
    >> pr
    AX=0000 BX=0CCE CX=0000 DX=08E2 SP=FFFE BP=0000 SI=0146 DI=0020 
    SS=060E DS=060E ES=060E PS=F246 V0 D0 I1 T0 S0 Z1 A0 P1 C0 
    &0DEE:0289 33C0             XOR      AX,AX                    ;cycles=30
    >> pr
    AX=0000 BX=0CCE CX=0000 DX=08E2 SP=FFFE BP=0000 SI=0146 DI=0020 
    SS=060E DS=060E ES=060E PS=F246 V0 D0 I1 T0 S0 Z1 A0 P1 C0 
    &0DEE:028B 8BD8             MOV      BX,AX                    ;cycles=11
    >> pr
    AX=0000 BX=0000 CX=0000 DX=08E2 SP=FFFE BP=0000 SI=0146 DI=0020 
    SS=060E DS=060E ES=060E PS=F246 V0 D0 I1 T0 S0 Z1 A0 P1 C0 
    &0DEE:028D 8BC8             MOV      CX,AX                    ;cycles=10
    >> pr
    AX=0000 BX=0000 CX=0000 DX=08E2 SP=FFFE BP=0000 SI=0146 DI=0020 
    SS=060E DS=060E ES=060E PS=F246 V0 D0 I1 T0 S0 Z1 A0 P1 C0 
    &0DEE:028F 8BD0             MOV      DX,AX                    ;cycles=10
    >> pr
    AX=0000 BX=0000 CX=0000 DX=0000 SP=FFFE BP=0000 SI=0146 DI=0020 
    SS=060E DS=060E ES=060E PS=F246 V0 D0 I1 T0 S0 Z1 A0 P1 C0 
    &0DEE:0291 2E               CS:     
    &0DEE:0292 8A1E0301         MOV      BL,[0103]                ;cycles=10
    >> pr
    AX=0000 BX=0000 CX=0000 DX=0000 SP=FFFE BP=0000 SI=0146 DI=0020 
    SS=060E DS=060E ES=060E PS=F246 V0 D0 I1 T0 S0 Z1 A0 P1 C0 
    &0DEE:0296 2E               CS:     
    &0DEE:0297 FF2E4A01         JMP      FAR [014A]               ;cycles=32
    >> pr
    AX=0000 BX=0000 CX=0000 DX=0000 SP=FFFE BP=0000 SI=0146 DI=0020 
    SS=060E DS=060E ES=060E PS=F246 V0 D0 I1 T0 S0 Z1 A0 P1 C0 
    &060E:0100 E1BE             LOOPZ    00C0 (romBIOS+0x01B5)    ;cycles=56
    >> tr
    AX=0000 BX=0000 CX=FFFF DX=0000 SP=FFFE BP=0000 SI=0146 DI=0020 
    SS=060E DS=060E ES=060E PS=F246 V0 D0 I1 T0 S0 Z1 A0 P1 C0 
    &060E:00C0 0000             ADD      [BX+SI],AL               ;cycles=22
